E:\OneDrive\00 工作\00 项目\21-BD-066 贵阳职业技术学院二期\施工图\00 设计文件\02 贵阳职业技术学院二期-强电-平面图.dwg,模型,2024/7/16 19:22:57,liu18,M_PDF.PC3,MS_A0T,1:149.975,
E:\OneDrive\00 工作\00 项目\21-BD-066 贵阳职业技术学院二期\施工图\00 设计文件\02 贵阳职业技术学院二期-强电-平面图.dwg,模型,2024/7/16 19:22:58,liu18,M_PDF.PC3,MS_A0T,1:149.975,
E:\OneDrive\00 工作\00 项目\20-AD-043 前滩\03 施工图\11 变更单\05 T3\20250604 T3弱电修改通知单7\CAD\13-01地块-04&05子项 T2&T3 火灾自动报警平面图.dwg,模型,2025/6/4 21:09:29,刘永强,M_PDF.PC3,MS_A1,1:99.9762,
E:\OneDrive\00 工作\00 项目\20-AD-043 前滩\03 施工图\11 变更单\05 T3\20250604 T3弱电修改通知单7\CAD\13-01地块-04&05子项 T2&T3 火灾自动报警平面图.dwg,模型,2025/6/4 21:10:23,刘永强,M_PDF.PC3,MS_A1,1:99.9762,
E:\OneDrive\00 工作\00 项目\20-AD-043 前滩\03 施工图\11 变更单\05 T3\20250604 T3弱电修改通知单7\CAD\13-01地块-04&05子项 T2&T3 火灾自动报警平面图.dwg,模型,2025/6/4 21:11:45,刘永强,M_PDF.PC3,MS_A1,1:99.9762,
E:\OneDrive\00 工作\00 项目\22-AG-117 东方理工大学\生活区\03 施工图\20250619 食堂审图通过版图纸\厨房 - 电力平面图.dwg,模型,2025/8/11 18:15:21,刘永强,M_PDF.PC3,MS_A0_Plus_1+1-2,1:149.983,
E:\OneDrive\00 工作\00 项目\22-AG-117 东方理工大学\生活区\03 施工图\20250619 食堂审图通过版图纸\厨房 - 电力系统图.dwg,模型,2025/8/11 18:15:33,刘永强,M_PDF.PC3,MS_A1,1:99.9762,
E:\OneDrive\00 工作\00 项目\22-AG-117 东方理工大学\生活区\03 施工图\20250619 食堂审图通过版图纸\厨房 - 电力系统图.dwg,模型,2025/8/11 18:15:34,刘永强,M_PDF.PC3,MS_A1,1:99.9762,
E:\OneDrive\00 工作\00 项目\25-AD-013 华师大闵行\04 陪标图\00 设计文件\一标\03子项-2#宿舍\03子项 图纸目录.dwg,模型,2025/8/17 12:42:07,刘永强,M_PDF.PC3,MS_A4T,1:99.9327,
E:\OneDrive\00 工作\00 项目\25-AD-013 华师大闵行\04 陪标图\00 设计文件\一标\03子项-2#宿舍\智能化_03子项-2#宿舍0727_t3_31__t3.dwg,模型,2025/8/17 12:42:13,刘永强,M_PDF.PC3,MS_231x131,1:454.584,
E:\OneDrive\00 工作\00 项目\25-AD-013 华师大闵行\04 陪标图\00 设计文件\一标\03子项-2#宿舍\智能化_03子项-2#宿舍0727_t3_31__t3.dwg,模型,2025/8/17 12:42:14,刘永强,M_PDF.PC3,MS_231x131,1:454.584,
E:\OneDrive\00 工作\00 项目\25-AD-013 华师大闵行\04 陪标图\00 设计文件\一标\03子项-2#宿舍\智能化_03子项-2#宿舍0727_t3_31__t3.dwg,模型,2025/8/17 12:42:15,刘永强,M_PDF.PC3,MS_231x131,1:454.584,
E:\OneDrive\00 工作\00 项目\25-AD-013 华师大闵行\04 陪标图\00 设计文件\一标\03子项-2#宿舍\智能化_03子项-2#宿舍0727_t3_31__t3.dwg,模型,2025/8/17 12:42:15,刘永强,M_PDF.PC3,MS_231x131,1:454.584,
E:\OneDrive\00 工作\00 项目\25-AD-013 华师大闵行\04 陪标图\00 设计文件\一标\03子项-2#宿舍\智能化_03子项-2#宿舍0727_t3_31__t3.dwg,模型,2025/8/17 12:42:16,刘永强,M_PDF.PC3,MS_231x131,1:454.584,
E:\OneDrive\00 工作\00 项目\25-AD-013 华师大闵行\04 陪标图\00 设计文件\一标\03子项-2#宿舍\智能化_03子项-2#宿舍0727_t3_31__t3.dwg,模型,2025/8/17 12:42:16,刘永强,M_PDF.PC3,MS_231x131,1:454.584,
E:\OneDrive\00 工作\00 项目\25-AD-013 华师大闵行\04 陪标图\00 设计文件\一标\03子项-2#宿舍\智能化_03子项-2#宿舍0727_t3_31__t3.dwg,模型,2025/8/17 12:42:17,刘永强,M_PDF.PC3,MS_231x131,1:454.584,
E:\OneDrive\00 工作\00 项目\25-AD-013 华师大闵行\04 陪标图\00 设计文件\一标\03子项-2#宿舍\智能化_03子项-2#宿舍0727_t3_31__t3.dwg,模型,2025/8/17 12:42:17,刘永强,M_PDF.PC3,MS_231x131,1:454.584,
E:\OneDrive\00 工作\00 项目\25-AD-013 华师大闵行\04 陪标图\00 设计文件\一标\03子项-2#宿舍\智能化_03子项-2#宿舍0727_t3_31__t3.dwg,模型,2025/8/17 12:42:18,刘永强,M_PDF.PC3,MS_231x131,1:454.584,
E:\OneDrive\00 工作\00 项目\25-AD-013 华师大闵行\04 陪标图\00 设计文件\一标\03子项-2#宿舍\火灾自动报警_03子项-2#宿舍0727_t3.dwg,模型,2025/8/17 12:42:25,刘永强,M_PDF.PC3,MS_231x131,1:454.584,
E:\OneDrive\00 工作\00 项目\25-AD-013 华师大闵行\04 陪标图\00 设计文件\一标\03子项-2#宿舍\火灾自动报警_03子项-2#宿舍0727_t3.dwg,模型,2025/8/17 12:42:25,刘永强,M_PDF.PC3,MS_231x131,1:454.584,
E:\OneDrive\00 工作\00 项目\25-AD-013 华师大闵行\04 陪标图\00 设计文件\一标\03子项-2#宿舍\火灾自动报警_03子项-2#宿舍0727_t3.dwg,模型,2025/8/17 12:42:26,刘永强,M_PDF.PC3,MS_231x131,1:454.584,
E:\OneDrive\00 工作\00 项目\25-AD-013 华师大闵行\04 陪标图\00 设计文件\一标\03子项-2#宿舍\火灾自动报警_03子项-2#宿舍0727_t3.dwg,模型,2025/8/17 12:42:26,刘永强,M_PDF.PC3,MS_231x131,1:454.584,
E:\OneDrive\00 工作\00 项目\25-AD-013 华师大闵行\04 陪标图\00 设计文件\一标\03子项-2#宿舍\火灾自动报警_03子项-2#宿舍0727_t3.dwg,模型,2025/8/17 12:42:27,刘永强,M_PDF.PC3,MS_231x131,1:454.584,
E:\OneDrive\00 工作\00 项目\25-AD-013 华师大闵行\04 陪标图\00 设计文件\一标\03子项-2#宿舍\火灾自动报警_03子项-2#宿舍0727_t3.dwg,模型,2025/8/17 12:42:28,刘永强,M_PDF.PC3,MS_231x131,1:454.584,
E:\OneDrive\00 工作\00 项目\25-AD-013 华师大闵行\04 陪标图\00 设计文件\一标\03子项-2#宿舍\火灾自动报警_03子项-2#宿舍0727_t3.dwg,模型,2025/8/17 12:42:28,刘永强,M_PDF.PC3,MS_231x131,1:454.584,
E:\OneDrive\00 工作\00 项目\25-AD-013 华师大闵行\04 陪标图\00 设计文件\一标\03子项-2#宿舍\火灾自动报警_03子项-2#宿舍0727_t3.dwg,模型,2025/8/17 12:42:29,刘永强,M_PDF.PC3,MS_231x131,1:454.584,
E:\OneDrive\00 工作\00 项目\25-AD-013 华师大闵行\04 陪标图\00 设计文件\一标\03子项-2#宿舍\火灾自动报警_03子项-2#宿舍0727_t3.dwg,模型,2025/8/17 12:42:29,刘永强,M_PDF.PC3,MS_231x131,1:454.584,
E:\OneDrive\00 工作\00 项目\25-AD-013 华师大闵行\04 陪标图\00 设计文件\一标\02子项-1#宿舍\02子项 图纸目录.dwg,模型,2025/8/17 12:47:04,刘永强,M_PDF.PC3,MS_A4T,1:99.9327,
E:\OneDrive\00 工作\00 项目\25-AD-013 华师大闵行\04 陪标图\00 设计文件\一标\02子项-1#宿舍\智能化_02子项-1#宿舍0727_t3.dwg,模型,2025/8/17 12:47:12,刘永强,M_PDF.PC3,MS_231x131,1:454.584,
E:\OneDrive\00 工作\00 项目\25-AD-013 华师大闵行\04 陪标图\00 设计文件\一标\02子项-1#宿舍\智能化_02子项-1#宿舍0727_t3.dwg,模型,2025/8/17 12:47:13,刘永强,M_PDF.PC3,MS_231x131,1:454.584,
E:\OneDrive\00 工作\00 项目\25-AD-013 华师大闵行\04 陪标图\00 设计文件\一标\02子项-1#宿舍\智能化_02子项-1#宿舍0727_t3.dwg,模型,2025/8/17 12:47:14,刘永强,M_PDF.PC3,MS_231x131,1:454.584,
E:\OneDrive\00 工作\00 项目\25-AD-013 华师大闵行\04 陪标图\00 设计文件\一标\02子项-1#宿舍\智能化_02子项-1#宿舍0727_t3.dwg,模型,2025/8/17 12:47:15,刘永强,M_PDF.PC3,MS_231x131,1:454.584,
E:\OneDrive\00 工作\00 项目\25-AD-013 华师大闵行\04 陪标图\00 设计文件\一标\02子项-1#宿舍\智能化_02子项-1#宿舍0727_t3.dwg,模型,2025/8/17 12:47:16,刘永强,M_PDF.PC3,MS_231x131,1:454.584,
E:\OneDrive\00 工作\00 项目\25-AD-013 华师大闵行\04 陪标图\00 设计文件\一标\02子项-1#宿舍\智能化_02子项-1#宿舍0727_t3.dwg,模型,2025/8/17 12:47:17,刘永强,M_PDF.PC3,MS_231x131,1:454.584,
E:\OneDrive\00 工作\00 项目\25-AD-013 华师大闵行\04 陪标图\00 设计文件\一标\02子项-1#宿舍\智能化_02子项-1#宿舍0727_t3.dwg,模型,2025/8/17 12:47:18,刘永强,M_PDF.PC3,MS_231x131,1:454.584,
E:\OneDrive\00 工作\00 项目\25-AD-013 华师大闵行\04 陪标图\00 设计文件\一标\02子项-1#宿舍\火灾自动报警_02子项-1#宿舍0727_t3.dwg,模型,2025/8/17 12:47:23,刘永强,M_PDF.PC3,MS_231x131,1:454.584,
E:\OneDrive\00 工作\00 项目\25-AD-013 华师大闵行\04 陪标图\00 设计文件\一标\02子项-1#宿舍\火灾自动报警_02子项-1#宿舍0727_t3.dwg,模型,2025/8/17 12:47:24,刘永强,M_PDF.PC3,MS_231x131,1:454.584,
E:\OneDrive\00 工作\00 项目\25-AD-013 华师大闵行\04 陪标图\00 设计文件\一标\02子项-1#宿舍\火灾自动报警_02子项-1#宿舍0727_t3.dwg,模型,2025/8/17 12:47:24,刘永强,M_PDF.PC3,MS_231x131,1:454.584,
E:\OneDrive\00 工作\00 项目\25-AD-013 华师大闵行\04 陪标图\00 设计文件\一标\02子项-1#宿舍\火灾自动报警_02子项-1#宿舍0727_t3.dwg,模型,2025/8/17 12:47:25,刘永强,M_PDF.PC3,MS_231x131,1:454.584,
E:\OneDrive\00 工作\00 项目\25-AD-013 华师大闵行\04 陪标图\00 设计文件\一标\02子项-1#宿舍\火灾自动报警_02子项-1#宿舍0727_t3.dwg,模型,2025/8/17 12:47:26,刘永强,M_PDF.PC3,MS_231x131,1:454.584,
E:\OneDrive\00 工作\00 项目\25-AD-013 华师大闵行\04 陪标图\00 设计文件\一标\02子项-1#宿舍\火灾自动报警_02子项-1#宿舍0727_t3.dwg,模型,2025/8/17 12:47:26,刘永强,M_PDF.PC3,MS_231x131,1:454.584,
E:\OneDrive\00 工作\00 项目\25-AD-013 华师大闵行\04 陪标图\00 设计文件\一标\02子项-1#宿舍\火灾自动报警_02子项-1#宿舍0727_t3.dwg,模型,2025/8/17 12:47:27,刘永强,M_PDF.PC3,MS_231x131,1:454.584,
E:\OneDrive\00 工作\00 项目\25-AD-013 华师大闵行\04 陪标图\00 设计文件\一标\02子项-1#宿舍\智能化_02子项-1#宿舍0727_t3.dwg,模型,2025/8/17 12:48:22,刘永强,M_PDF.PC3,MS_231x131,1:454.584,
E:\OneDrive\00 工作\00 项目\25-AD-013 华师大闵行\04 陪标图\00 设计文件\一标\02子项-1#宿舍\智能化_02子项-1#宿舍0727_t3.dwg,模型,2025/8/17 12:48:22,刘永强,M_PDF.PC3,MS_231x131,1:454.584,
E:\OneDrive\00 工作\00 项目\25-AD-013 华师大闵行\04 陪标图\00 设计文件\一标\02子项-1#宿舍\智能化_02子项-1#宿舍0727_t3.dwg,模型,2025/8/17 12:48:23,刘永强,M_PDF.PC3,MS_231x131,1:454.584,
E:\OneDrive\00 工作\00 项目\25-AD-013 华师大闵行\04 陪标图\00 设计文件\一标\02子项-1#宿舍\智能化_02子项-1#宿舍0727_t3.dwg,模型,2025/8/17 12:48:23,刘永强,M_PDF.PC3,MS_231x131,1:454.584,
E:\OneDrive\00 工作\00 项目\25-AD-013 华师大闵行\04 陪标图\00 设计文件\一标\02子项-1#宿舍\智能化_02子项-1#宿舍0727_t3.dwg,模型,2025/8/17 12:48:24,刘永强,M_PDF.PC3,MS_231x131,1:454.584,
E:\OneDrive\00 工作\00 项目\25-AD-013 华师大闵行\04 陪标图\00 设计文件\一标\02子项-1#宿舍\智能化_02子项-1#宿舍0727_t3.dwg,模型,2025/8/17 12:48:24,刘永强,M_PDF.PC3,MS_231x131,1:454.584,
E:\OneDrive\00 工作\00 项目\25-AD-013 华师大闵行\04 陪标图\00 设计文件\一标\02子项-1#宿舍\智能化_02子项-1#宿舍0727_t3.dwg,模型,2025/8/17 12:48:25,刘永强,M_PDF.PC3,MS_231x131,1:454.584,
E:\OneDrive\00 工作\00 项目\25-AD-013 华师大闵行\04 陪标图\00 设计文件\一标\04子项-3#宿舍\04子项 图纸目录.dwg,模型,2025/8/17 12:58:07,刘永强,M_PDF.PC3,MS_A4T,1:99.9327,
E:\OneDrive\00 工作\00 项目\25-AD-013 华师大闵行\04 陪标图\00 设计文件\一标\04子项-3#宿舍\04子项 图纸目录.dwg,模型,2025/8/17 12:58:07,刘永强,M_PDF.PC3,MS_A4T,1:99.9327,
E:\OneDrive\00 工作\00 项目\25-AD-013 华师大闵行\04 陪标图\00 设计文件\一标\04子项-3#宿舍\火灾自动报警_04子项-3#宿舍0727_t3.dwg,模型,2025/8/17 12:58:14,刘永强,M_PDF.PC3,MS_231x131,1:454.584,
E:\OneDrive\00 工作\00 项目\25-AD-013 华师大闵行\04 陪标图\00 设计文件\一标\04子项-3#宿舍\火灾自动报警_04子项-3#宿舍0727_t3.dwg,模型,2025/8/17 12:58:14,刘永强,M_PDF.PC3,MS_231x131,1:454.584,
E:\OneDrive\00 工作\00 项目\25-AD-013 华师大闵行\04 陪标图\00 设计文件\一标\04子项-3#宿舍\火灾自动报警_04子项-3#宿舍0727_t3.dwg,模型,2025/8/17 12:58:15,刘永强,M_PDF.PC3,MS_231x131,1:454.584,
E:\OneDrive\00 工作\00 项目\25-AD-013 华师大闵行\04 陪标图\00 设计文件\一标\04子项-3#宿舍\火灾自动报警_04子项-3#宿舍0727_t3.dwg,模型,2025/8/17 12:58:15,刘永强,M_PDF.PC3,MS_231x131,1:454.584,
E:\OneDrive\00 工作\00 项目\25-AD-013 华师大闵行\04 陪标图\00 设计文件\一标\04子项-3#宿舍\火灾自动报警_04子项-3#宿舍0727_t3.dwg,模型,2025/8/17 12:58:16,刘永强,M_PDF.PC3,MS_231x131,1:454.584,
E:\OneDrive\00 工作\00 项目\25-AD-013 华师大闵行\04 陪标图\00 设计文件\一标\04子项-3#宿舍\火灾自动报警_04子项-3#宿舍0727_t3.dwg,模型,2025/8/17 12:58:16,刘永强,M_PDF.PC3,MS_231x131,1:454.584,
E:\OneDrive\00 工作\00 项目\25-AD-013 华师大闵行\04 陪标图\00 设计文件\一标\04子项-3#宿舍\火灾自动报警_04子项-3#宿舍0727_t3.dwg,模型,2025/8/17 12:58:17,刘永强,M_PDF.PC3,MS_231x131,1:454.584,
E:\OneDrive\00 工作\00 项目\25-AD-013 华师大闵行\04 陪标图\00 设计文件\一标\04子项-3#宿舍\火灾自动报警_04子项-3#宿舍0727_t3.dwg,模型,2025/8/17 12:58:18,刘永强,M_PDF.PC3,MS_231x131,1:454.584,
E:\OneDrive\00 工作\00 项目\25-AD-013 华师大闵行\04 陪标图\00 设计文件\一标\04子项-3#宿舍\火灾自动报警_04子项-3#宿舍0727_t3.dwg,模型,2025/8/17 12:58:18,刘永强,M_PDF.PC3,MS_231x131,1:454.584,
E:\OneDrive\00 工作\00 项目\25-AD-013 华师大闵行\04 陪标图\00 设计文件\一标\04子项-3#宿舍\火灾自动报警_04子项-3#宿舍0727_t3.dwg,模型,2025/8/17 12:58:19,刘永强,M_PDF.PC3,MS_231x131,1:454.584,
E:\OneDrive\00 工作\00 项目\25-AD-013 华师大闵行\04 陪标图\00 设计文件\一标\04子项-3#宿舍\智能化_04子项-3#宿舍0727_t3_68__t3.dwg,模型,2025/8/17 12:58:28,刘永强,M_PDF.PC3,MS_231x131,1:454.584,
E:\OneDrive\00 工作\00 项目\25-AD-013 华师大闵行\04 陪标图\00 设计文件\一标\04子项-3#宿舍\智能化_04子项-3#宿舍0727_t3_68__t3.dwg,模型,2025/8/17 12:58:29,刘永强,M_PDF.PC3,MS_231x131,1:454.584,
E:\OneDrive\00 工作\00 项目\25-AD-013 华师大闵行\04 陪标图\00 设计文件\一标\04子项-3#宿舍\智能化_04子项-3#宿舍0727_t3_68__t3.dwg,模型,2025/8/17 12:58:29,刘永强,M_PDF.PC3,MS_231x131,1:454.584,
E:\OneDrive\00 工作\00 项目\25-AD-013 华师大闵行\04 陪标图\00 设计文件\一标\04子项-3#宿舍\智能化_04子项-3#宿舍0727_t3_68__t3.dwg,模型,2025/8/17 12:58:30,刘永强,M_PDF.PC3,MS_231x131,1:454.584,
E:\OneDrive\00 工作\00 项目\25-AD-013 华师大闵行\04 陪标图\00 设计文件\一标\04子项-3#宿舍\智能化_04子项-3#宿舍0727_t3_68__t3.dwg,模型,2025/8/17 12:58:31,刘永强,M_PDF.PC3,MS_231x131,1:454.584,
E:\OneDrive\00 工作\00 项目\25-AD-013 华师大闵行\04 陪标图\00 设计文件\一标\04子项-3#宿舍\智能化_04子项-3#宿舍0727_t3_68__t3.dwg,模型,2025/8/17 12:58:31,刘永强,M_PDF.PC3,MS_231x131,1:454.584,
E:\OneDrive\00 工作\00 项目\25-AD-013 华师大闵行\04 陪标图\00 设计文件\一标\04子项-3#宿舍\智能化_04子项-3#宿舍0727_t3_68__t3.dwg,模型,2025/8/17 12:58:32,刘永强,M_PDF.PC3,MS_231x131,1:454.584,
E:\OneDrive\00 工作\00 项目\25-AD-013 华师大闵行\04 陪标图\00 设计文件\一标\04子项-3#宿舍\智能化_04子项-3#宿舍0727_t3_68__t3.dwg,模型,2025/8/17 12:58:32,刘永强,M_PDF.PC3,MS_231x131,1:454.584,
E:\OneDrive\00 工作\00 项目\25-AD-013 华师大闵行\04 陪标图\00 设计文件\一标\04子项-3#宿舍\智能化_04子项-3#宿舍0727_t3_68__t3.dwg,模型,2025/8/17 12:58:33,刘永强,M_PDF.PC3,MS_231x131,1:454.584,
E:\OneDrive\00 工作\00 项目\25-AD-013 华师大闵行\04 陪标图\00 设计文件\一标\04子项-3#宿舍\智能化_04子项-3#宿舍0727_t3_68__t3.dwg,模型,2025/8/17 12:58:33,刘永强,M_PDF.PC3,MS_231x131,1:454.584,
E:\OneDrive\00 工作\00 项目\25-AD-013 华师大闵行\04 陪标图\00 设计文件\一标\05子项 7#学生中心\05子项 图纸目录.dwg,模型,2025/8/17 13:04:14,刘永强,M_PDF.PC3,MS_A4T,1:99.9327,
E:\OneDrive\00 工作\00 项目\25-AD-013 华师大闵行\04 陪标图\00 设计文件\一标\05子项 7#学生中心\火灾自动报警_05子项 7#学生中心20250729_t3(1).dwg,模型,2025/8/17 13:06:38,刘永强,M_PDF.PC3,MS_1190x813,1:104.982,
E:\OneDrive\00 工作\00 项目\25-AD-013 华师大闵行\04 陪标图\00 设计文件\一标\05子项 7#学生中心\火灾自动报警_05子项 7#学生中心20250729_t3(1).dwg,模型,2025/8/17 13:06:39,刘永强,M_PDF.PC3,MS_1190x813,1:104.982,
E:\OneDrive\00 工作\00 项目\25-AD-013 华师大闵行\04 陪标图\00 设计文件\一标\05子项 7#学生中心\火灾自动报警_05子项 7#学生中心20250729_t3(1).dwg,模型,2025/8/17 13:06:40,刘永强,M_PDF.PC3,MS_1190x813,1:104.982,
E:\OneDrive\00 工作\00 项目\25-AD-013 华师大闵行\04 陪标图\00 设计文件\一标\05子项 7#学生中心\火灾自动报警_05子项 7#学生中心20250729_t3(1).dwg,模型,2025/8/17 13:06:40,刘永强,M_PDF.PC3,MS_1190x813,1:104.982,
E:\OneDrive\00 工作\00 项目\25-AD-013 华师大闵行\04 陪标图\00 设计文件\一标\05子项 7#学生中心\智能化_05子项 7#学生中心20250729_t3(1)_31__t3.dwg,模型,2025/8/17 13:06:52,刘永强,M_PDF.PC3,MS_1190x812,1:105.001,
E:\OneDrive\00 工作\00 项目\25-AD-013 华师大闵行\04 陪标图\00 设计文件\一标\05子项 7#学生中心\智能化_05子项 7#学生中心20250729_t3(1)_31__t3.dwg,模型,2025/8/17 13:06:53,刘永强,M_PDF.PC3,MS_1190x812,1:105.001,
E:\OneDrive\00 工作\00 项目\25-AD-013 华师大闵行\04 陪标图\00 设计文件\一标\05子项 7#学生中心\智能化_05子项 7#学生中心20250729_t3(1)_31__t3.dwg,模型,2025/8/17 13:06:53,刘永强,M_PDF.PC3,MS_1190x812,1:105.001,
E:\OneDrive\00 工作\00 项目\25-AD-013 华师大闵行\04 陪标图\00 设计文件\一标\06子项 8#变电所及门卫\06子项 图纸目录.dwg,模型,2025/8/17 13:09:24,刘永强,M_PDF.PC3,MS_A4T,1:99.9327,
E:\OneDrive\00 工作\00 项目\25-AD-013 华师大闵行\04 陪标图\00 设计文件\一标\06子项 8#变电所及门卫\火灾自动报警_06子项 8#变电所及门卫20250811_t3.dwg,模型,2025/8/17 13:09:55,刘永强,M_PDF.PC3,MS_1189x812,1:74.3032,
E:\OneDrive\00 工作\00 项目\25-AD-013 华师大闵行\04 陪标图\00 设计文件\一标\07子项 一期地下车库\07子项 图纸目录.dwg,模型,2025/8/17 13:12:12,刘永强,M_PDF.PC3,MS_A4T,1:99.9327,
E:\OneDrive\00 工作\00 项目\25-AD-013 华师大闵行\04 陪标图\00 设计文件\一标\07子项 一期地下车库\智能化_07子项 一期地下车库_t3_65__t3.dwg,总体平面图，分区平面图,2025/8/17 13:12:36,刘永强,M_PDF.PC3,MS_185x126,1:964.765,
E:\OneDrive\00 工作\00 项目\25-AD-013 华师大闵行\04 陪标图\00 设计文件\一标\07子项 一期地下车库\火灾自动报警_07子项 一期地下车库_t3.dwg,总体平面图，分区平面图,2025/8/17 13:12:42,刘永强,M_PDF.PC3,MS_185x126,1:964.765,
E:\OneDrive\00 工作\00 项目\20-AD-043 前滩\03 施工图\11 变更单\02 地下室 未出\20250821 地下室变更单14 地下室酒店主要设备机房内增加火灾的声光警报器\CAD\90-地下室弱电修改通知单14.dwg,模型,2025/8/21 21:39:45,刘永强,M_PDF.PC3,MS_A3,1:99.9524,
E:\OneDrive\00 工作\00 项目\20-AD-043 前滩\03 施工图\11 变更单\02 地下室 未出\20250821 地下室变更单14 地下室酒店主要设备机房内增加火灾的声光警报器\CAD\13-01地块-02子项-地下室-B1 消防.dwg,40-008,2025/8/21 21:39:55,刘永强,M_PDF.PC3,MS_A0_Plus_1+3-4,1:100.026,
E:\OneDrive\00 工作\00 项目\22-AG-117 东方理工大学\生活区\03 施工图\12 设计变更\35-TY-001\CAD\C版_6#学生公寓 强电系统图.dwg,模型,2025/8/22 21:42:18,刘永强,M_PDF.PC3,MS_A1,1:99.9762,
E:\OneDrive\00 工作\00 项目\22-AG-117 东方理工大学\生活区\03 施工图\12 设计变更\35-TY-001\CAD\C版_6#学生公寓 强电平面图.dwg,模型,2025/8/22 21:42:29,刘永强,M_PDF.PC3,MS_A1,1:149.964,
E:\OneDrive\00 工作\00 项目\22-AD-029 浦东新区梅园社区2E8-19地块项目\03 施工图\00 设计文件\T2\T2 火灾自动报警平面图.dwg,模型,2025/9/4 11:39:26,刘永强,M_PDF.PC3,MS_A0,1:99.9832,
E:\OneDrive\00 工作\00 项目\22-AD-029 浦东新区梅园社区2E8-19地块项目\03 施工图\00 设计文件\T2\T2 火灾自动报警平面图.dwg,模型,2025/9/4 11:40:07,刘永强,M_PDF.PC3,MS_A0,1:99.9832,
E:\OneDrive\00 工作\00 项目\22-AG-117 东方理工大学\生活区\03 施工图\12 设计变更\43-DQ-007\CAD\厨房 - 电力系统图.dwg,模型,2025/9/25 21:19:12,刘永强,M_PDF.PC3,MS_A1,1:99.9762,
E:\OneDrive\00 工作\00 项目\22-AG-117 东方理工大学\生活区\03 施工图\12 设计变更\43-DQ-007\CAD\厨房 - 电力平面图.dwg,模型,2025/9/25 21:19:27,刘永强,M_PDF.PC3,MS_A0_Plus_1+1-2,1:149.983,
